Flow report for DE0_Nano_SoC_Computer
Fri Oct 27 23:19:08 2017
Quartus Prime Version 16.1.0 Build 196 10/24/2016 SJ Lite Edition


---------------------
; Table of Contents ;
---------------------
  1. Legal Notice
  2. Flow Summary
  3. Flow Settings
  4. Flow Non-Default Global Settings
  5. Flow Elapsed Time
  6. Flow OS Summary
  7. Flow Log
  8. Flow Messages
  9. Flow Suppressed Messages



----------------
; Legal Notice ;
----------------
Copyright (C) 2016  Intel Corporation. All rights reserved.
Your use of Intel Corporation's design tools, logic functions 
and other software and tools, and its AMPP partner logic 
functions, and any output files from any of the foregoing 
(including device programming or simulation files), and any 
associated documentation or information are expressly subject 
to the terms and conditions of the Intel Program License 
Subscription Agreement, the Intel Quartus Prime License Agreement,
the Intel MegaCore Function License Agreement, or other 
applicable license agreement, including, without limitation, 
that your use is for the sole purpose of programming logic 
devices manufactured by Intel and sold by Intel or its 
authorized distributors.  Please refer to the applicable 
agreement for further details.



+-------------------------------------------------------------------------------+
; Flow Summary                                                                  ;
+---------------------------------+---------------------------------------------+
; Flow Status                     ; Successful - Fri Oct 27 23:17:55 2017       ;
; Quartus Prime Version           ; 16.1.0 Build 196 10/24/2016 SJ Lite Edition ;
; Revision Name                   ; DE0_Nano_SoC_Computer                       ;
; Top-level Entity Name           ; DE0_Nano_SoC_Computer                       ;
; Family                          ; Cyclone V                                   ;
; Device                          ; 5CSEMA4U23C6                                ;
; Timing Models                   ; Final                                       ;
; Logic utilization (in ALMs)     ; 2,796 / 15,880 ( 18 % )                     ;
; Total registers                 ; 4718                                        ;
; Total pins                      ; 230 / 314 ( 73 % )                          ;
; Total virtual pins              ; 0                                           ;
; Total block memory bits         ; 1,024 / 2,764,800 ( < 1 % )                 ;
; Total DSP Blocks                ; 0 / 84 ( 0 % )                              ;
; Total HSSI RX PCSs              ; 0                                           ;
; Total HSSI PMA RX Deserializers ; 0                                           ;
; Total HSSI TX PCSs              ; 0                                           ;
; Total HSSI PMA TX Serializers   ; 0                                           ;
; Total PLLs                      ; 1 / 5 ( 20 % )                              ;
; Total DLLs                      ; 1 / 4 ( 25 % )                              ;
+---------------------------------+---------------------------------------------+


+-------------------------------------------+
; Flow Settings                             ;
+-------------------+-----------------------+
; Option            ; Setting               ;
+-------------------+-----------------------+
; Start date & time ; 10/27/2017 23:08:40   ;
; Main task         ; Compilation           ;
; Revision Name     ; DE0_Nano_SoC_Computer ;
+-------------------+-----------------------+


+-------------------------------------------------------------------------------------------------------------------------------------------------------------------------------------------------+
; Flow Non-Default Global Settings                                                                                                                                                                ;
+-----------------------------------------+-------------------------------------------------------------------------------+---------------+------------------------------------------+------------+
; Assignment Name                         ; Value                                                                         ; Default Value ; Entity Name                              ; Section Id ;
+-----------------------------------------+-------------------------------------------------------------------------------+---------------+------------------------------------------+------------+
; ALM_REGISTER_PACKING_EFFORT             ; High                                                                          ; Medium        ; --                                       ; --         ;
; COMPILER_SIGNATURE_ID                   ; 2543711158273.150916371316716                                                 ; --            ; --                                       ; --         ;
; FITTER_EFFORT                           ; Standard Fit                                                                  ; Auto Fit      ; --                                       ; --         ;
; HPS_ISW_FILE                            ; Computer_System/synthesis/submodules/sequencer/alt_types.pre.h                ; --            ; Computer_System_ARM_A9_HPS_hps_io_border ; --         ;
; HPS_ISW_FILE                            ; Computer_System/synthesis/submodules/sequencer/emif.pre.xml                   ; --            ; Computer_System_ARM_A9_HPS_hps_io_border ; --         ;
; HPS_ISW_FILE                            ; Computer_System/synthesis/submodules/sequencer/sdram_io.pre.h                 ; --            ; Computer_System_ARM_A9_HPS_hps_io_border ; --         ;
; HPS_ISW_FILE                            ; Computer_System/synthesis/submodules/sequencer/sequencer.pre.c                ; --            ; Computer_System_ARM_A9_HPS_hps_io_border ; --         ;
; HPS_ISW_FILE                            ; Computer_System/synthesis/submodules/sequencer/sequencer.pre.h                ; --            ; Computer_System_ARM_A9_HPS_hps_io_border ; --         ;
; HPS_ISW_FILE                            ; Computer_System/synthesis/submodules/sequencer/sequencer_auto.pre.h           ; --            ; Computer_System_ARM_A9_HPS_hps_io_border ; --         ;
; HPS_ISW_FILE                            ; Computer_System/synthesis/submodules/sequencer/sequencer_auto_ac_init.pre.c   ; --            ; Computer_System_ARM_A9_HPS_hps_io_border ; --         ;
; HPS_ISW_FILE                            ; Computer_System/synthesis/submodules/sequencer/sequencer_auto_inst_init.pre.c ; --            ; Computer_System_ARM_A9_HPS_hps_io_border ; --         ;
; HPS_ISW_FILE                            ; Computer_System/synthesis/submodules/sequencer/sequencer_defines.pre.h        ; --            ; Computer_System_ARM_A9_HPS_hps_io_border ; --         ;
; HPS_ISW_FILE                            ; Computer_System/synthesis/submodules/sequencer/system.pre.h                   ; --            ; Computer_System_ARM_A9_HPS_hps_io_border ; --         ;
; HPS_ISW_FILE                            ; Computer_System/synthesis/submodules/sequencer/tclrpt.pre.c                   ; --            ; Computer_System_ARM_A9_HPS_hps_io_border ; --         ;
; HPS_ISW_FILE                            ; Computer_System/synthesis/submodules/sequencer/tclrpt.pre.h                   ; --            ; Computer_System_ARM_A9_HPS_hps_io_border ; --         ;
; HPS_ISW_FILE                            ; Computer_System/synthesis/submodules/hps.pre.xml                              ; --            ; Computer_System_ARM_A9_HPS_hps_io_border ; --         ;
; HPS_PARTITION                           ; On                                                                            ; --            ; Computer_System_ARM_A9_HPS_hps_io_border ; --         ;
; MAX_CORE_JUNCTION_TEMP                  ; 85                                                                            ; --            ; --                                       ; --         ;
; MIN_CORE_JUNCTION_TEMP                  ; 0                                                                             ; --            ; --                                       ; --         ;
; MISC_FILE                               ; Computer_System/synthesis/../Computer_System.cmp                              ; --            ; --                                       ; --         ;
; MISC_FILE                               ; Computer_System/synthesis/../../C                                             ; --            ; --                                       ; --         ;
; MISC_FILE                               ; Computer_System/synthesis/Computer_System_ARM_A9_HPS_hps.svd                  ; --            ; --                                       ; --         ;
; MISC_FILE                               ; Computer_System/synthesis/../../Computer_System.qsys                          ; --            ; --                                       ; --         ;
; MISC_FILE                               ; Computer_System/synthesis/submodules/sequencer/alt_types.pre.h                ; --            ; --                                       ; --         ;
; MISC_FILE                               ; Computer_System/synthesis/submodules/sequencer/emif.pre.xml                   ; --            ; --                                       ; --         ;
; MISC_FILE                               ; Computer_System/synthesis/submodules/sequencer/sdram_io.pre.h                 ; --            ; --                                       ; --         ;
; MISC_FILE                               ; Computer_System/synthesis/submodules/sequencer/sequencer.pre.c                ; --            ; --                                       ; --         ;
; MISC_FILE                               ; Computer_System/synthesis/submodules/sequencer/sequencer.pre.h                ; --            ; --                                       ; --         ;
; MISC_FILE                               ; Computer_System/synthesis/submodules/sequencer/sequencer_auto.pre.h           ; --            ; --                                       ; --         ;
; MISC_FILE                               ; Computer_System/synthesis/submodules/sequencer/sequencer_auto_ac_init.pre.c   ; --            ; --                                       ; --         ;
; MISC_FILE                               ; Computer_System/synthesis/submodules/sequencer/sequencer_auto_inst_init.pre.c ; --            ; --                                       ; --         ;
; MISC_FILE                               ; Computer_System/synthesis/submodules/sequencer/sequencer_defines.pre.h        ; --            ; --                                       ; --         ;
; MISC_FILE                               ; Computer_System/synthesis/submodules/sequencer/system.pre.h                   ; --            ; --                                       ; --         ;
; MISC_FILE                               ; Computer_System/synthesis/submodules/sequencer/tclrpt.pre.c                   ; --            ; --                                       ; --         ;
; MISC_FILE                               ; Computer_System/synthesis/submodules/sequencer/tclrpt.pre.h                   ; --            ; --                                       ; --         ;
; MISC_FILE                               ; Computer_System/synthesis/submodules/hps.pre.xml                              ; --            ; --                                       ; --         ;
; OPTIMIZATION_MODE                       ; Aggressive Area                                                               ; Balanced      ; --                                       ; --         ;
; OPTIMIZATION_TECHNIQUE                  ; Area                                                                          ; Balanced      ; --                                       ; --         ;
; PARTITION_COLOR                         ; -- (Not supported for targeted family)                                        ; --            ; --                                       ; Top        ;
; PARTITION_FITTER_PRESERVATION_LEVEL     ; -- (Not supported for targeted family)                                        ; --            ; --                                       ; Top        ;
; PARTITION_NETLIST_TYPE                  ; -- (Not supported for targeted family)                                        ; --            ; --                                       ; Top        ;
; PHYSICAL_SYNTHESIS_COMBO_LOGIC_FOR_AREA ; On                                                                            ; Off           ; --                                       ; --         ;
; POWER_BOARD_THERMAL_MODEL               ; None (CONSERVATIVE)                                                           ; --            ; --                                       ; --         ;
; POWER_PRESET_COOLING_SOLUTION           ; 23 MM HEAT SINK WITH 200 LFPM AIRFLOW                                         ; --            ; --                                       ; --         ;
; SLD_FILE                                ; Computer_System/synthesis/Computer_System.regmap                              ; --            ; --                                       ; --         ;
; SLD_FILE                                ; Computer_System/synthesis/Computer_System.debuginfo                           ; --            ; --                                       ; --         ;
; SLD_INFO                                ; QSYS_NAME Computer_System HAS_SOPCINFO 1 GENERATION_ID 1509163382             ; --            ; Computer_System                          ; --         ;
; SOPCINFO_FILE                           ; Computer_System/synthesis/../../Computer_System.sopcinfo                      ; --            ; --                                       ; --         ;
; SYNTHESIS_ONLY_QIP                      ; On                                                                            ; --            ; --                                       ; --         ;
+-----------------------------------------+-------------------------------------------------------------------------------+---------------+------------------------------------------+------------+


+-------------------------------------------------------------------------------------------------------------------------------+
; Flow Elapsed Time                                                                                                             ;
+---------------------------+--------------+-------------------------+---------------------+------------------------------------+
; Module Name               ; Elapsed Time ; Average Processors Used ; Peak Virtual Memory ; Total CPU Time (on all processors) ;
+---------------------------+--------------+-------------------------+---------------------+------------------------------------+
; Analysis & Synthesis      ; 00:01:33     ; 1.8                     ; 1085 MB             ; 00:02:50                           ;
; Fitter                    ; 00:03:37     ; 1.2                     ; 3048 MB             ; 00:06:03                           ;
; Assembler                 ; 00:00:18     ; 1.0                     ; 803 MB              ; 00:00:14                           ;
; TimeQuest Timing Analyzer ; 00:01:11     ; 1.4                     ; 1545 MB             ; 00:01:27                           ;
; Total                     ; 00:06:39     ; --                      ; --                  ; 00:10:34                           ;
+---------------------------+--------------+-------------------------+---------------------+------------------------------------+


+-----------------------------------------------------------------------------------------+
; Flow OS Summary                                                                         ;
+---------------------------+------------------+------------+------------+----------------+
; Module Name               ; Machine Hostname ; OS Name    ; OS Version ; Processor type ;
+---------------------------+------------------+------------+------------+----------------+
; Analysis & Synthesis      ; MSOE-CND63054MZ  ; Windows 10 ; 10.0       ; x86_64         ;
; Fitter                    ; MSOE-CND63054MZ  ; Windows 10 ; 10.0       ; x86_64         ;
; Assembler                 ; MSOE-CND63054MZ  ; Windows 10 ; 10.0       ; x86_64         ;
; TimeQuest Timing Analyzer ; MSOE-CND63054MZ  ; Windows 10 ; 10.0       ; x86_64         ;
+---------------------------+------------------+------------+------------+----------------+


------------
; Flow Log ;
------------
quartus_map --read_settings_files=on --write_settings_files=off DE0_Nano_SoC_Computer -c DE0_Nano_SoC_Computer
quartus_fit --read_settings_files=off --write_settings_files=off DE0_Nano_SoC_Computer -c DE0_Nano_SoC_Computer
quartus_asm --read_settings_files=off --write_settings_files=off DE0_Nano_SoC_Computer -c DE0_Nano_SoC_Computer
quartus_sta DE0_Nano_SoC_Computer -c DE0_Nano_SoC_Computer



